2021-10-29 00:12:36,114 INFO RPC interface 'supervisor' initialized
2021-10-29 00:12:36,116 INFO daemonizing the supervisord process
2021-10-29 00:12:36,117 INFO supervisord started with pid 26939
2021-10-29 00:12:37,120 INFO spawned: 'mysite' with pid 26940
2021-10-29 00:12:37,129 INFO success: mysite entered RUNNING state, process has stayed up for > than 0 seconds (startsecs)
2021-10-29 12:59:02,918 INFO waiting for mysite to stop
2021-10-29 12:59:02,920 WARN killing 'mysite' (26940) with SIGKILL
2021-10-29 12:59:02,927 INFO stopped: mysite (terminated by SIGKILL)
2021-10-29 12:59:55,247 INFO spawned: 'mysite' with pid 31628
2021-10-29 12:59:55,255 INFO success: mysite entered RUNNING state, process has stayed up for > than 0 seconds (startsecs)
2021-10-29 13:03:28,171 INFO waiting for mysite to stop
2021-10-29 13:03:28,196 WARN killing 'mysite' (31628) with SIGKILL
2021-10-29 13:03:28,196 WARN killing 'mysite' (31628) with SIGKILL
2021-10-29 13:03:28,197 WARN killing 'mysite' (31628) with SIGKILL
2021-10-29 13:03:28,197 WARN killing 'mysite' (31628) with SIGKILL
2021-10-29 13:03:28,197 WARN killing 'mysite' (31628) with SIGKILL
2021-10-29 13:03:28,197 WARN killing 'mysite' (31628) with SIGKILL
2021-10-29 13:03:28,197 WARN killing 'mysite' (31628) with SIGKILL
2021-10-29 13:03:28,197 WARN killing 'mysite' (31628) with SIGKILL
2021-10-29 13:03:28,197 WARN killing 'mysite' (31628) with SIGKILL
2021-10-29 13:03:28,197 WARN killing 'mysite' (31628) with SIGKILL
2021-10-29 13:03:28,197 WARN killing 'mysite' (31628) with SIGKILL
2021-10-29 13:03:28,197 WARN killing 'mysite' (31628) with SIGKILL
2021-10-29 13:03:28,197 WARN killing 'mysite' (31628) with SIGKILL
2021-10-29 13:03:28,197 WARN killing 'mysite' (31628) with SIGKILL
2021-10-29 13:03:28,197 WARN killing 'mysite' (31628) with SIGKILL
2021-10-29 13:03:28,197 WARN killing 'mysite' (31628) with SIGKILL
2021-10-29 13:03:28,197 WARN killing 'mysite' (31628) with SIGKILL
2021-10-29 13:03:28,197 WARN killing 'mysite' (31628) with SIGKILL
2021-10-29 13:03:28,197 WARN killing 'mysite' (31628) with SIGKILL
2021-10-29 13:03:28,198 WARN killing 'mysite' (31628) with SIGKILL
2021-10-29 13:03:28,198 WARN killing 'mysite' (31628) with SIGKILL
2021-10-29 13:03:28,198 WARN killing 'mysite' (31628) with SIGKILL
2021-10-29 13:03:28,198 WARN killing 'mysite' (31628) with SIGKILL
2021-10-29 13:03:28,198 WARN killing 'mysite' (31628) with SIGKILL
2021-10-29 13:03:28,198 WARN killing 'mysite' (31628) with SIGKILL
2021-10-29 13:03:28,198 WARN killing 'mysite' (31628) with SIGKILL
2021-10-29 13:03:28,198 WARN killing 'mysite' (31628) with SIGKILL
2021-10-29 13:03:28,198 WARN killing 'mysite' (31628) with SIGKILL
2021-10-29 13:03:28,198 WARN killing 'mysite' (31628) with SIGKILL
2021-10-29 13:03:28,198 WARN killing 'mysite' (31628) with SIGKILL
2021-10-29 13:03:28,198 WARN killing 'mysite' (31628) with SIGKILL
2021-10-29 13:03:28,198 WARN killing 'mysite' (31628) with SIGKILL
2021-10-29 13:03:28,198 WARN killing 'mysite' (31628) with SIGKILL
2021-10-29 13:03:28,198 WARN killing 'mysite' (31628) with SIGKILL
2021-10-29 13:03:28,198 WARN killing 'mysite' (31628) with SIGKILL
2021-10-29 13:03:28,198 WARN killing 'mysite' (31628) with SIGKILL
2021-10-29 13:03:28,198 WARN killing 'mysite' (31628) with SIGKILL
2021-10-29 13:03:28,198 WARN killing 'mysite' (31628) with SIGKILL
2021-10-29 13:03:28,198 WARN killing 'mysite' (31628) with SIGKILL
2021-10-29 13:03:28,198 WARN killing 'mysite' (31628) with SIGKILL
2021-10-29 13:03:28,198 WARN killing 'mysite' (31628) with SIGKILL
2021-10-29 13:03:28,199 WARN killing 'mysite' (31628) with SIGKILL
2021-10-29 13:03:28,199 WARN killing 'mysite' (31628) with SIGKILL
2021-10-29 13:03:28,199 WARN killing 'mysite' (31628) with SIGKILL
2021-10-29 13:03:28,199 WARN killing 'mysite' (31628) with SIGKILL
2021-10-29 13:03:28,199 WARN killing 'mysite' (31628) with SIGKILL
2021-10-29 13:03:28,199 WARN killing 'mysite' (31628) with SIGKILL
2021-10-29 13:03:28,199 WARN killing 'mysite' (31628) with SIGKILL
2021-10-29 13:03:28,199 WARN killing 'mysite' (31628) with SIGKILL
2021-10-29 13:03:28,199 WARN killing 'mysite' (31628) with SIGKILL
2021-10-29 13:03:28,199 WARN killing 'mysite' (31628) with SIGKILL
2021-10-29 13:03:28,199 WARN killing 'mysite' (31628) with SIGKILL
2021-10-29 13:03:28,199 WARN killing 'mysite' (31628) with SIGKILL
2021-10-29 13:03:28,199 WARN killing 'mysite' (31628) with SIGKILL
2021-10-29 13:03:28,199 WARN killing 'mysite' (31628) with SIGKILL
2021-10-29 13:03:28,199 WARN killing 'mysite' (31628) with SIGKILL
2021-10-29 13:03:28,199 WARN killing 'mysite' (31628) with SIGKILL
2021-10-29 13:03:28,199 WARN killing 'mysite' (31628) with SIGKILL
2021-10-29 13:03:28,199 WARN killing 'mysite' (31628) with SIGKILL
2021-10-29 13:03:28,199 WARN killing 'mysite' (31628) with SIGKILL
2021-10-29 13:03:28,199 WARN killing 'mysite' (31628) with SIGKILL
2021-10-29 13:03:28,199 WARN killing 'mysite' (31628) with SIGKILL
2021-10-29 13:03:28,199 WARN killing 'mysite' (31628) with SIGKILL
2021-10-29 13:03:28,199 WARN killing 'mysite' (31628) with SIGKILL
2021-10-29 13:03:28,199 WARN killing 'mysite' (31628) with SIGKILL
2021-10-29 13:03:28,199 WARN killing 'mysite' (31628) with SIGKILL
2021-10-29 13:03:28,200 WARN killing 'mysite' (31628) with SIGKILL
2021-10-29 13:03:28,200 WARN killing 'mysite' (31628) with SIGKILL
2021-10-29 13:03:28,200 WARN killing 'mysite' (31628) with SIGKILL
2021-10-29 13:03:28,200 WARN killing 'mysite' (31628) with SIGKILL
2021-10-29 13:03:28,240 WARN killing 'mysite' (31628) with SIGKILL
2021-10-29 13:03:28,240 INFO stopped: mysite (terminated by SIGKILL)
2021-10-29 13:03:47,595 INFO spawned: 'mysite' with pid 31667
2021-10-29 13:03:47,596 INFO success: mysite entered RUNNING state, process has stayed up for > than 0 seconds (startsecs)
2021-10-29 13:19:34,344 INFO waiting for mysite to stop
2021-10-29 13:19:34,344 WARN killing 'mysite' (31667) with SIGKILL
2021-10-29 13:19:34,347 INFO stopped: mysite (terminated by SIGKILL)
2021-10-29 13:20:04,405 INFO spawned: 'mysite' with pid 31780
2021-10-29 13:20:04,406 INFO success: mysite entered RUNNING state, process has stayed up for > than 0 seconds (startsecs)
2021-10-29 13:23:44,884 INFO waiting for mysite to stop
2021-10-29 13:23:44,884 WARN killing 'mysite' (31780) with SIGKILL
2021-10-29 13:23:44,884 WARN killing 'mysite' (31780) with SIGKILL
2021-10-29 13:23:44,884 WARN killing 'mysite' (31780) with SIGKILL
2021-10-29 13:23:44,884 WARN killing 'mysite' (31780) with SIGKILL
2021-10-29 13:23:44,884 WARN killing 'mysite' (31780) with SIGKILL
2021-10-29 13:23:44,884 WARN killing 'mysite' (31780) with SIGKILL
2021-10-29 13:23:44,884 WARN killing 'mysite' (31780) with SIGKILL
2021-10-29 13:23:44,884 WARN killing 'mysite' (31780) with SIGKILL
2021-10-29 13:23:44,884 WARN killing 'mysite' (31780) with SIGKILL
2021-10-29 13:23:44,884 WARN killing 'mysite' (31780) with SIGKILL
2021-10-29 13:23:44,884 WARN killing 'mysite' (31780) with SIGKILL
2021-10-29 13:23:44,884 WARN killing 'mysite' (31780) with SIGKILL
2021-10-29 13:23:44,884 WARN killing 'mysite' (31780) with SIGKILL
2021-10-29 13:23:44,884 WARN killing 'mysite' (31780) with SIGKILL
2021-10-29 13:23:44,884 WARN killing 'mysite' (31780) with SIGKILL
2021-10-29 13:23:44,885 WARN killing 'mysite' (31780) with SIGKILL
2021-10-29 13:23:44,885 WARN killing 'mysite' (31780) with SIGKILL
2021-10-29 13:23:44,885 WARN killing 'mysite' (31780) with SIGKILL
2021-10-29 13:23:44,885 WARN killing 'mysite' (31780) with SIGKILL
2021-10-29 13:23:44,885 WARN killing 'mysite' (31780) with SIGKILL
2021-10-29 13:23:44,885 WARN killing 'mysite' (31780) with SIGKILL
2021-10-29 13:23:44,885 WARN killing 'mysite' (31780) with SIGKILL
2021-10-29 13:23:44,885 WARN killing 'mysite' (31780) with SIGKILL
2021-10-29 13:23:44,885 WARN killing 'mysite' (31780) with SIGKILL
2021-10-29 13:23:44,885 WARN killing 'mysite' (31780) with SIGKILL
2021-10-29 13:23:44,885 WARN killing 'mysite' (31780) with SIGKILL
2021-10-29 13:23:44,885 WARN killing 'mysite' (31780) with SIGKILL
2021-10-29 13:23:44,885 WARN killing 'mysite' (31780) with SIGKILL
2021-10-29 13:23:44,885 WARN killing 'mysite' (31780) with SIGKILL
2021-10-29 13:23:44,885 WARN killing 'mysite' (31780) with SIGKILL
2021-10-29 13:23:44,886 WARN killing 'mysite' (31780) with SIGKILL
2021-10-29 13:23:44,886 WARN killing 'mysite' (31780) with SIGKILL
2021-10-29 13:23:44,886 WARN killing 'mysite' (31780) with SIGKILL
2021-10-29 13:23:44,886 WARN killing 'mysite' (31780) with SIGKILL
2021-10-29 13:23:44,886 WARN killing 'mysite' (31780) with SIGKILL
2021-10-29 13:23:44,886 WARN killing 'mysite' (31780) with SIGKILL
2021-10-29 13:23:44,886 WARN killing 'mysite' (31780) with SIGKILL
2021-10-29 13:23:44,886 WARN killing 'mysite' (31780) with SIGKILL
2021-10-29 13:23:44,886 WARN killing 'mysite' (31780) with SIGKILL
2021-10-29 13:23:44,886 WARN killing 'mysite' (31780) with SIGKILL
2021-10-29 13:23:44,886 WARN killing 'mysite' (31780) with SIGKILL
2021-10-29 13:23:44,886 WARN killing 'mysite' (31780) with SIGKILL
2021-10-29 13:23:44,887 WARN killing 'mysite' (31780) with SIGKILL
2021-10-29 13:23:44,887 WARN killing 'mysite' (31780) with SIGKILL
2021-10-29 13:23:44,887 WARN killing 'mysite' (31780) with SIGKILL
2021-10-29 13:23:44,887 WARN killing 'mysite' (31780) with SIGKILL
2021-10-29 13:23:44,887 WARN killing 'mysite' (31780) with SIGKILL
2021-10-29 13:23:44,887 WARN killing 'mysite' (31780) with SIGKILL
2021-10-29 13:23:44,887 WARN killing 'mysite' (31780) with SIGKILL
2021-10-29 13:23:44,887 WARN killing 'mysite' (31780) with SIGKILL
2021-10-29 13:23:44,887 WARN killing 'mysite' (31780) with SIGKILL
2021-10-29 13:23:44,887 WARN killing 'mysite' (31780) with SIGKILL
2021-10-29 13:23:44,887 WARN killing 'mysite' (31780) with SIGKILL
2021-10-29 13:23:44,887 WARN killing 'mysite' (31780) with SIGKILL
2021-10-29 13:23:44,887 WARN killing 'mysite' (31780) with SIGKILL
2021-10-29 13:23:44,887 WARN killing 'mysite' (31780) with SIGKILL
2021-10-29 13:23:44,887 WARN killing 'mysite' (31780) with SIGKILL
2021-10-29 13:23:44,887 WARN killing 'mysite' (31780) with SIGKILL
2021-10-29 13:23:44,887 WARN killing 'mysite' (31780) with SIGKILL
2021-10-29 13:23:44,887 WARN killing 'mysite' (31780) with SIGKILL
2021-10-29 13:23:44,887 WARN killing 'mysite' (31780) with SIGKILL
2021-10-29 13:23:44,888 WARN killing 'mysite' (31780) with SIGKILL
2021-10-29 13:23:44,888 WARN killing 'mysite' (31780) with SIGKILL
2021-10-29 13:23:44,888 WARN killing 'mysite' (31780) with SIGKILL
2021-10-29 13:23:44,888 WARN killing 'mysite' (31780) with SIGKILL
2021-10-29 13:23:44,888 WARN killing 'mysite' (31780) with SIGKILL
2021-10-29 13:23:44,888 WARN killing 'mysite' (31780) with SIGKILL
2021-10-29 13:23:44,888 WARN killing 'mysite' (31780) with SIGKILL
2021-10-29 13:23:44,888 WARN killing 'mysite' (31780) with SIGKILL
2021-10-29 13:23:44,888 WARN killing 'mysite' (31780) with SIGKILL
2021-10-29 13:23:44,888 WARN killing 'mysite' (31780) with SIGKILL
2021-10-29 13:23:44,888 WARN killing 'mysite' (31780) with SIGKILL
2021-10-29 13:23:44,888 WARN killing 'mysite' (31780) with SIGKILL
2021-10-29 13:23:44,888 WARN killing 'mysite' (31780) with SIGKILL
2021-10-29 13:23:44,888 WARN killing 'mysite' (31780) with SIGKILL
2021-10-29 13:23:44,888 WARN killing 'mysite' (31780) with SIGKILL
2021-10-29 13:23:44,888 WARN killing 'mysite' (31780) with SIGKILL
2021-10-29 13:23:44,888 WARN killing 'mysite' (31780) with SIGKILL
2021-10-29 13:23:44,889 WARN killing 'mysite' (31780) with SIGKILL
2021-10-29 13:23:44,889 WARN killing 'mysite' (31780) with SIGKILL
2021-10-29 13:23:44,889 WARN killing 'mysite' (31780) with SIGKILL
2021-10-29 13:23:44,889 WARN killing 'mysite' (31780) with SIGKILL
2021-10-29 13:23:44,889 WARN killing 'mysite' (31780) with SIGKILL
2021-10-29 13:23:44,889 WARN killing 'mysite' (31780) with SIGKILL
2021-10-29 13:23:44,889 WARN killing 'mysite' (31780) with SIGKILL
2021-10-29 13:23:44,889 WARN killing 'mysite' (31780) with SIGKILL
2021-10-29 13:23:44,889 WARN killing 'mysite' (31780) with SIGKILL
2021-10-29 13:23:44,889 WARN killing 'mysite' (31780) with SIGKILL
2021-10-29 13:23:44,889 WARN killing 'mysite' (31780) with SIGKILL
2021-10-29 13:23:44,889 WARN killing 'mysite' (31780) with SIGKILL
2021-10-29 13:23:44,889 WARN killing 'mysite' (31780) with SIGKILL
2021-10-29 13:23:44,889 WARN killing 'mysite' (31780) with SIGKILL
2021-10-29 13:23:44,889 WARN killing 'mysite' (31780) with SIGKILL
2021-10-29 13:23:44,889 WARN killing 'mysite' (31780) with SIGKILL
2021-10-29 13:23:44,889 WARN killing 'mysite' (31780) with SIGKILL
2021-10-29 13:23:44,889 WARN killing 'mysite' (31780) with SIGKILL
2021-10-29 13:23:44,889 WARN killing 'mysite' (31780) with SIGKILL
2021-10-29 13:23:44,889 WARN killing 'mysite' (31780) with SIGKILL
2021-10-29 13:23:44,889 WARN killing 'mysite' (31780) with SIGKILL
2021-10-29 13:23:44,889 WARN killing 'mysite' (31780) with SIGKILL
2021-10-29 13:23:44,889 WARN killing 'mysite' (31780) with SIGKILL
2021-10-29 13:23:44,890 WARN killing 'mysite' (31780) with SIGKILL
2021-10-29 13:23:44,890 WARN killing 'mysite' (31780) with SIGKILL
2021-10-29 13:23:44,890 WARN killing 'mysite' (31780) with SIGKILL
2021-10-29 13:23:44,890 WARN killing 'mysite' (31780) with SIGKILL
2021-10-29 13:23:44,890 WARN killing 'mysite' (31780) with SIGKILL
2021-10-29 13:23:44,890 WARN killing 'mysite' (31780) with SIGKILL
2021-10-29 13:23:44,890 WARN killing 'mysite' (31780) with SIGKILL
2021-10-29 13:23:44,890 WARN killing 'mysite' (31780) with SIGKILL
2021-10-29 13:23:44,890 WARN killing 'mysite' (31780) with SIGKILL
2021-10-29 13:23:44,890 WARN killing 'mysite' (31780) with SIGKILL
2021-10-29 13:23:44,890 WARN killing 'mysite' (31780) with SIGKILL
2021-10-29 13:23:44,890 WARN killing 'mysite' (31780) with SIGKILL
2021-10-29 13:23:44,890 WARN killing 'mysite' (31780) with SIGKILL
2021-10-29 13:23:44,890 WARN killing 'mysite' (31780) with SIGKILL
2021-10-29 13:23:44,890 WARN killing 'mysite' (31780) with SIGKILL
2021-10-29 13:23:44,890 WARN killing 'mysite' (31780) with SIGKILL
2021-10-29 13:23:44,890 WARN killing 'mysite' (31780) with SIGKILL
2021-10-29 13:23:44,890 WARN killing 'mysite' (31780) with SIGKILL
2021-10-29 13:23:44,890 WARN killing 'mysite' (31780) with SIGKILL
2021-10-29 13:23:44,890 WARN killing 'mysite' (31780) with SIGKILL
2021-10-29 13:23:44,890 WARN killing 'mysite' (31780) with SIGKILL
2021-10-29 13:23:44,891 WARN killing 'mysite' (31780) with SIGKILL
2021-10-29 13:23:44,891 WARN killing 'mysite' (31780) with SIGKILL
2021-10-29 13:23:44,891 WARN killing 'mysite' (31780) with SIGKILL
2021-10-29 13:23:44,891 WARN killing 'mysite' (31780) with SIGKILL
2021-10-29 13:23:44,891 WARN killing 'mysite' (31780) with SIGKILL
2021-10-29 13:23:44,891 WARN killing 'mysite' (31780) with SIGKILL
2021-10-29 13:23:44,891 WARN killing 'mysite' (31780) with SIGKILL
2021-10-29 13:23:44,891 WARN killing 'mysite' (31780) with SIGKILL
2021-10-29 13:23:44,891 WARN killing 'mysite' (31780) with SIGKILL
2021-10-29 13:23:44,891 WARN killing 'mysite' (31780) with SIGKILL
2021-10-29 13:23:44,891 WARN killing 'mysite' (31780) with SIGKILL
2021-10-29 13:23:44,891 WARN killing 'mysite' (31780) with SIGKILL
2021-10-29 13:23:44,891 WARN killing 'mysite' (31780) with SIGKILL
2021-10-29 13:23:44,891 WARN killing 'mysite' (31780) with SIGKILL
2021-10-29 13:23:44,891 WARN killing 'mysite' (31780) with SIGKILL
2021-10-29 13:23:44,891 WARN killing 'mysite' (31780) with SIGKILL
2021-10-29 13:23:44,891 WARN killing 'mysite' (31780) with SIGKILL
2021-10-29 13:23:44,891 WARN killing 'mysite' (31780) with SIGKILL
2021-10-29 13:23:44,892 WARN killing 'mysite' (31780) with SIGKILL
2021-10-29 13:23:44,892 WARN killing 'mysite' (31780) with SIGKILL
2021-10-29 13:23:44,892 WARN killing 'mysite' (31780) with SIGKILL
2021-10-29 13:23:44,892 WARN killing 'mysite' (31780) with SIGKILL
2021-10-29 13:23:44,892 WARN killing 'mysite' (31780) with SIGKILL
2021-10-29 13:23:44,892 WARN killing 'mysite' (31780) with SIGKILL
2021-10-29 13:23:44,892 WARN killing 'mysite' (31780) with SIGKILL
2021-10-29 13:23:44,892 WARN killing 'mysite' (31780) with SIGKILL
2021-10-29 13:23:44,892 WARN killing 'mysite' (31780) with SIGKILL
2021-10-29 13:23:44,892 WARN killing 'mysite' (31780) with SIGKILL
2021-10-29 13:23:44,892 WARN killing 'mysite' (31780) with SIGKILL
2021-10-29 13:23:44,892 WARN killing 'mysite' (31780) with SIGKILL
2021-10-29 13:23:44,892 WARN killing 'mysite' (31780) with SIGKILL
2021-10-29 13:23:44,892 WARN killing 'mysite' (31780) with SIGKILL
2021-10-29 13:23:44,892 WARN killing 'mysite' (31780) with SIGKILL
2021-10-29 13:23:44,893 WARN killing 'mysite' (31780) with SIGKILL
2021-10-29 13:23:44,893 WARN killing 'mysite' (31780) with SIGKILL
2021-10-29 13:23:44,893 WARN killing 'mysite' (31780) with SIGKILL
2021-10-29 13:23:44,893 WARN killing 'mysite' (31780) with SIGKILL
2021-10-29 13:23:44,893 WARN killing 'mysite' (31780) with SIGKILL
2021-10-29 13:23:44,893 WARN killing 'mysite' (31780) with SIGKILL
2021-10-29 13:23:44,893 WARN killing 'mysite' (31780) with SIGKILL
2021-10-29 13:23:44,893 WARN killing 'mysite' (31780) with SIGKILL
2021-10-29 13:23:44,893 WARN killing 'mysite' (31780) with SIGKILL
2021-10-29 13:23:44,900 WARN killing 'mysite' (31780) with SIGKILL
2021-10-29 13:23:44,900 WARN killing 'mysite' (31780) with SIGKILL
2021-10-29 13:23:44,900 WARN killing 'mysite' (31780) with SIGKILL
2021-10-29 13:23:44,900 WARN killing 'mysite' (31780) with SIGKILL
2021-10-29 13:23:44,900 WARN killing 'mysite' (31780) with SIGKILL
2021-10-29 13:23:44,900 WARN killing 'mysite' (31780) with SIGKILL
2021-10-29 13:23:44,900 WARN killing 'mysite' (31780) with SIGKILL
2021-10-29 13:23:44,900 WARN killing 'mysite' (31780) with SIGKILL
2021-10-29 13:23:44,900 WARN killing 'mysite' (31780) with SIGKILL
2021-10-29 13:23:44,900 WARN killing 'mysite' (31780) with SIGKILL
2021-10-29 13:23:44,900 WARN killing 'mysite' (31780) with SIGKILL
2021-10-29 13:23:44,900 WARN killing 'mysite' (31780) with SIGKILL
2021-10-29 13:23:44,900 WARN killing 'mysite' (31780) with SIGKILL
2021-10-29 13:23:44,900 WARN killing 'mysite' (31780) with SIGKILL
2021-10-29 13:23:44,900 WARN killing 'mysite' (31780) with SIGKILL
2021-10-29 13:23:44,900 WARN killing 'mysite' (31780) with SIGKILL
2021-10-29 13:23:44,900 WARN killing 'mysite' (31780) with SIGKILL
2021-10-29 13:23:44,900 WARN killing 'mysite' (31780) with SIGKILL
2021-10-29 13:23:44,900 WARN killing 'mysite' (31780) with SIGKILL
2021-10-29 13:23:44,900 WARN killing 'mysite' (31780) with SIGKILL
2021-10-29 13:23:44,900 WARN killing 'mysite' (31780) with SIGKILL
2021-10-29 13:23:44,900 WARN killing 'mysite' (31780) with SIGKILL
2021-10-29 13:23:44,900 WARN killing 'mysite' (31780) with SIGKILL
2021-10-29 13:23:44,900 WARN killing 'mysite' (31780) with SIGKILL
2021-10-29 13:23:44,901 WARN killing 'mysite' (31780) with SIGKILL
2021-10-29 13:23:44,901 WARN killing 'mysite' (31780) with SIGKILL
2021-10-29 13:23:44,901 WARN killing 'mysite' (31780) with SIGKILL
2021-10-29 13:23:44,901 WARN killing 'mysite' (31780) with SIGKILL
2021-10-29 13:23:44,901 WARN killing 'mysite' (31780) with SIGKILL
2021-10-29 13:23:44,901 WARN killing 'mysite' (31780) with SIGKILL
2021-10-29 13:23:44,901 WARN killing 'mysite' (31780) with SIGKILL
2021-10-29 13:23:44,901 WARN killing 'mysite' (31780) with SIGKILL
2021-10-29 13:23:44,901 WARN killing 'mysite' (31780) with SIGKILL
2021-10-29 13:23:44,901 WARN killing 'mysite' (31780) with SIGKILL
2021-10-29 13:23:44,901 WARN killing 'mysite' (31780) with SIGKILL
2021-10-29 13:23:44,901 WARN killing 'mysite' (31780) with SIGKILL
2021-10-29 13:23:44,901 WARN killing 'mysite' (31780) with SIGKILL
2021-10-29 13:23:44,901 WARN killing 'mysite' (31780) with SIGKILL
2021-10-29 13:23:44,901 WARN killing 'mysite' (31780) with SIGKILL
2021-10-29 13:23:44,901 WARN killing 'mysite' (31780) with SIGKILL
2021-10-29 13:23:44,901 WARN killing 'mysite' (31780) with SIGKILL
2021-10-29 13:23:44,901 WARN killing 'mysite' (31780) with SIGKILL
2021-10-29 13:23:44,901 WARN killing 'mysite' (31780) with SIGKILL
2021-10-29 13:23:44,901 WARN killing 'mysite' (31780) with SIGKILL
2021-10-29 13:23:44,901 WARN killing 'mysite' (31780) with SIGKILL
2021-10-29 13:23:44,901 WARN killing 'mysite' (31780) with SIGKILL
2021-10-29 13:23:44,901 WARN killing 'mysite' (31780) with SIGKILL
2021-10-29 13:23:44,901 WARN killing 'mysite' (31780) with SIGKILL
2021-10-29 13:23:44,901 WARN killing 'mysite' (31780) with SIGKILL
2021-10-29 13:23:44,901 WARN killing 'mysite' (31780) with SIGKILL
2021-10-29 13:23:44,901 WARN killing 'mysite' (31780) with SIGKILL
2021-10-29 13:23:44,901 WARN killing 'mysite' (31780) with SIGKILL
2021-10-29 13:23:44,902 WARN killing 'mysite' (31780) with SIGKILL
2021-10-29 13:23:44,902 WARN killing 'mysite' (31780) with SIGKILL
2021-10-29 13:23:44,902 WARN killing 'mysite' (31780) with SIGKILL
2021-10-29 13:23:44,902 WARN killing 'mysite' (31780) with SIGKILL
2021-10-29 13:23:44,902 WARN killing 'mysite' (31780) with SIGKILL
2021-10-29 13:23:44,902 WARN killing 'mysite' (31780) with SIGKILL
2021-10-29 13:23:44,902 WARN killing 'mysite' (31780) with SIGKILL
2021-10-29 13:23:44,902 WARN killing 'mysite' (31780) with SIGKILL
2021-10-29 13:23:44,902 WARN killing 'mysite' (31780) with SIGKILL
2021-10-29 13:23:44,902 WARN killing 'mysite' (31780) with SIGKILL
2021-10-29 13:23:44,902 WARN killing 'mysite' (31780) with SIGKILL
2021-10-29 13:23:44,902 WARN killing 'mysite' (31780) with SIGKILL
2021-10-29 13:23:44,902 WARN killing 'mysite' (31780) with SIGKILL
2021-10-29 13:23:44,902 WARN killing 'mysite' (31780) with SIGKILL
2021-10-29 13:23:44,902 WARN killing 'mysite' (31780) with SIGKILL
2021-10-29 13:23:44,902 WARN killing 'mysite' (31780) with SIGKILL
2021-10-29 13:23:44,902 WARN killing 'mysite' (31780) with SIGKILL
2021-10-29 13:23:44,902 WARN killing 'mysite' (31780) with SIGKILL
2021-10-29 13:23:44,902 WARN killing 'mysite' (31780) with SIGKILL
2021-10-29 13:23:44,902 WARN killing 'mysite' (31780) with SIGKILL
2021-10-29 13:23:44,902 WARN killing 'mysite' (31780) with SIGKILL
2021-10-29 13:23:44,902 WARN killing 'mysite' (31780) with SIGKILL
2021-10-29 13:23:44,902 WARN killing 'mysite' (31780) with SIGKILL
2021-10-29 13:23:44,902 WARN killing 'mysite' (31780) with SIGKILL
2021-10-29 13:23:44,902 WARN killing 'mysite' (31780) with SIGKILL
2021-10-29 13:23:44,902 WARN killing 'mysite' (31780) with SIGKILL
2021-10-29 13:23:44,902 WARN killing 'mysite' (31780) with SIGKILL
2021-10-29 13:23:44,903 WARN killing 'mysite' (31780) with SIGKILL
2021-10-29 13:23:44,903 WARN killing 'mysite' (31780) with SIGKILL
2021-10-29 13:23:44,903 WARN killing 'mysite' (31780) with SIGKILL
2021-10-29 13:23:44,903 WARN killing 'mysite' (31780) with SIGKILL
2021-10-29 13:23:44,903 WARN killing 'mysite' (31780) with SIGKILL
2021-10-29 13:23:44,903 WARN killing 'mysite' (31780) with SIGKILL
2021-10-29 13:23:44,903 WARN killing 'mysite' (31780) with SIGKILL
2021-10-29 13:23:44,903 WARN killing 'mysite' (31780) with SIGKILL
2021-10-29 13:23:44,903 WARN killing 'mysite' (31780) with SIGKILL
2021-10-29 13:23:44,903 WARN killing 'mysite' (31780) with SIGKILL
2021-10-29 13:23:44,903 WARN killing 'mysite' (31780) with SIGKILL
2021-10-29 13:23:44,903 WARN killing 'mysite' (31780) with SIGKILL
2021-10-29 13:23:44,903 WARN killing 'mysite' (31780) with SIGKILL
2021-10-29 13:23:44,903 WARN killing 'mysite' (31780) with SIGKILL
2021-10-29 13:23:44,903 WARN killing 'mysite' (31780) with SIGKILL
2021-10-29 13:23:44,903 WARN killing 'mysite' (31780) with SIGKILL
2021-10-29 13:23:44,903 WARN killing 'mysite' (31780) with SIGKILL
2021-10-29 13:23:44,903 WARN killing 'mysite' (31780) with SIGKILL
2021-10-29 13:23:44,903 WARN killing 'mysite' (31780) with SIGKILL
2021-10-29 13:23:44,903 WARN killing 'mysite' (31780) with SIGKILL
2021-10-29 13:23:44,903 WARN killing 'mysite' (31780) with SIGKILL
2021-10-29 13:23:44,903 WARN killing 'mysite' (31780) with SIGKILL
2021-10-29 13:23:44,903 WARN killing 'mysite' (31780) with SIGKILL
2021-10-29 13:23:44,903 WARN killing 'mysite' (31780) with SIGKILL
2021-10-29 13:23:44,903 WARN killing 'mysite' (31780) with SIGKILL
2021-10-29 13:23:44,903 WARN killing 'mysite' (31780) with SIGKILL
2021-10-29 13:23:44,903 WARN killing 'mysite' (31780) with SIGKILL
2021-10-29 13:23:44,903 WARN killing 'mysite' (31780) with SIGKILL
2021-10-29 13:23:44,904 WARN killing 'mysite' (31780) with SIGKILL
2021-10-29 13:23:44,904 WARN killing 'mysite' (31780) with SIGKILL
2021-10-29 13:23:44,904 WARN killing 'mysite' (31780) with SIGKILL
2021-10-29 13:23:44,904 WARN killing 'mysite' (31780) with SIGKILL
2021-10-29 13:23:44,904 WARN killing 'mysite' (31780) with SIGKILL
2021-10-29 13:23:44,904 WARN killing 'mysite' (31780) with SIGKILL
2021-10-29 13:23:44,904 WARN killing 'mysite' (31780) with SIGKILL
2021-10-29 13:23:44,904 WARN killing 'mysite' (31780) with SIGKILL
2021-10-29 13:23:44,904 WARN killing 'mysite' (31780) with SIGKILL
2021-10-29 13:23:44,904 WARN killing 'mysite' (31780) with SIGKILL
2021-10-29 13:23:44,904 WARN killing 'mysite' (31780) with SIGKILL
2021-10-29 13:23:44,904 WARN killing 'mysite' (31780) with SIGKILL
2021-10-29 13:23:44,904 WARN killing 'mysite' (31780) with SIGKILL
2021-10-29 13:23:44,904 WARN killing 'mysite' (31780) with SIGKILL
2021-10-29 13:23:44,904 WARN killing 'mysite' (31780) with SIGKILL
2021-10-29 13:23:44,904 WARN killing 'mysite' (31780) with SIGKILL
2021-10-29 13:23:44,905 WARN killing 'mysite' (31780) with SIGKILL
2021-10-29 13:23:44,905 WARN killing 'mysite' (31780) with SIGKILL
2021-10-29 13:23:44,905 WARN killing 'mysite' (31780) with SIGKILL
2021-10-29 13:23:44,905 WARN killing 'mysite' (31780) with SIGKILL
2021-10-29 13:23:44,905 WARN killing 'mysite' (31780) with SIGKILL
2021-10-29 13:23:44,905 WARN killing 'mysite' (31780) with SIGKILL
2021-10-29 13:23:44,905 WARN killing 'mysite' (31780) with SIGKILL
2021-10-29 13:23:44,905 WARN killing 'mysite' (31780) with SIGKILL
2021-10-29 13:23:44,905 WARN killing 'mysite' (31780) with SIGKILL
2021-10-29 13:23:44,905 WARN killing 'mysite' (31780) with SIGKILL
2021-10-29 13:23:44,906 WARN killing 'mysite' (31780) with SIGKILL
2021-10-29 13:23:44,906 WARN killing 'mysite' (31780) with SIGKILL
2021-10-29 13:23:44,906 WARN killing 'mysite' (31780) with SIGKILL
2021-10-29 13:23:44,906 WARN killing 'mysite' (31780) with SIGKILL
2021-10-29 13:23:44,906 WARN killing 'mysite' (31780) with SIGKILL
2021-10-29 13:23:44,906 WARN killing 'mysite' (31780) with SIGKILL
2021-10-29 13:23:44,907 WARN killing 'mysite' (31780) with SIGKILL
2021-10-29 13:23:44,907 WARN killing 'mysite' (31780) with SIGKILL
2021-10-29 13:23:44,907 WARN killing 'mysite' (31780) with SIGKILL
2021-10-29 13:23:44,907 WARN killing 'mysite' (31780) with SIGKILL
2021-10-29 13:23:44,907 WARN killing 'mysite' (31780) with SIGKILL
2021-10-29 13:23:44,907 WARN killing 'mysite' (31780) with SIGKILL
2021-10-29 13:23:44,908 WARN killing 'mysite' (31780) with SIGKILL
2021-10-29 13:23:44,908 WARN killing 'mysite' (31780) with SIGKILL
2021-10-29 13:23:44,920 WARN killing 'mysite' (31780) with SIGKILL
2021-10-29 13:23:44,920 WARN killing 'mysite' (31780) with SIGKILL
2021-10-29 13:23:44,920 WARN killing 'mysite' (31780) with SIGKILL
2021-10-29 13:23:44,920 WARN killing 'mysite' (31780) with SIGKILL
2021-10-29 13:23:44,920 WARN killing 'mysite' (31780) with SIGKILL
2021-10-29 13:23:44,920 WARN killing 'mysite' (31780) with SIGKILL
2021-10-29 13:23:44,920 WARN killing 'mysite' (31780) with SIGKILL
2021-10-29 13:23:44,920 WARN killing 'mysite' (31780) with SIGKILL
2021-10-29 13:23:44,920 WARN killing 'mysite' (31780) with SIGKILL
2021-10-29 13:23:44,921 WARN killing 'mysite' (31780) with SIGKILL
2021-10-29 13:23:44,921 WARN killing 'mysite' (31780) with SIGKILL
2021-10-29 13:23:44,921 WARN killing 'mysite' (31780) with SIGKILL
2021-10-29 13:23:44,921 WARN killing 'mysite' (31780) with SIGKILL
2021-10-29 13:23:44,921 WARN killing 'mysite' (31780) with SIGKILL
2021-10-29 13:23:44,921 WARN killing 'mysite' (31780) with SIGKILL
2021-10-29 13:23:44,921 WARN killing 'mysite' (31780) with SIGKILL
2021-10-29 13:23:44,921 WARN killing 'mysite' (31780) with SIGKILL
2021-10-29 13:23:44,921 WARN killing 'mysite' (31780) with SIGKILL
2021-10-29 13:23:44,921 WARN killing 'mysite' (31780) with SIGKILL
2021-10-29 13:23:44,921 WARN killing 'mysite' (31780) with SIGKILL
2021-10-29 13:23:44,921 WARN killing 'mysite' (31780) with SIGKILL
2021-10-29 13:23:44,921 WARN killing 'mysite' (31780) with SIGKILL
2021-10-29 13:23:44,921 WARN killing 'mysite' (31780) with SIGKILL
2021-10-29 13:23:44,921 WARN killing 'mysite' (31780) with SIGKILL
2021-10-29 13:23:44,921 WARN killing 'mysite' (31780) with SIGKILL
2021-10-29 13:23:44,921 WARN killing 'mysite' (31780) with SIGKILL
2021-10-29 13:23:44,921 WARN killing 'mysite' (31780) with SIGKILL
2021-10-29 13:23:44,921 WARN killing 'mysite' (31780) with SIGKILL
2021-10-29 13:23:44,921 WARN killing 'mysite' (31780) with SIGKILL
2021-10-29 13:23:44,921 WARN killing 'mysite' (31780) with SIGKILL
2021-10-29 13:23:44,921 WARN killing 'mysite' (31780) with SIGKILL
2021-10-29 13:23:44,921 WARN killing 'mysite' (31780) with SIGKILL
2021-10-29 13:23:44,922 WARN killing 'mysite' (31780) with SIGKILL
2021-10-29 13:23:44,922 WARN killing 'mysite' (31780) with SIGKILL
2021-10-29 13:23:44,922 WARN killing 'mysite' (31780) with SIGKILL
2021-10-29 13:23:44,922 WARN killing 'mysite' (31780) with SIGKILL
2021-10-29 13:23:44,922 WARN killing 'mysite' (31780) with SIGKILL
2021-10-29 13:23:44,922 WARN killing 'mysite' (31780) with SIGKILL
2021-10-29 13:23:44,922 WARN killing 'mysite' (31780) with SIGKILL
2021-10-29 13:23:44,922 WARN killing 'mysite' (31780) with SIGKILL
2021-10-29 13:23:44,922 WARN killing 'mysite' (31780) with SIGKILL
2021-10-29 13:23:44,922 WARN killing 'mysite' (31780) with SIGKILL
2021-10-29 13:23:44,922 WARN killing 'mysite' (31780) with SIGKILL
2021-10-29 13:23:44,922 WARN killing 'mysite' (31780) with SIGKILL
2021-10-29 13:23:44,922 WARN killing 'mysite' (31780) with SIGKILL
2021-10-29 13:23:44,922 WARN killing 'mysite' (31780) with SIGKILL
2021-10-29 13:23:44,922 WARN killing 'mysite' (31780) with SIGKILL
2021-10-29 13:23:44,922 WARN killing 'mysite' (31780) with SIGKILL
2021-10-29 13:23:44,922 WARN killing 'mysite' (31780) with SIGKILL
2021-10-29 13:23:44,922 WARN killing 'mysite' (31780) with SIGKILL
2021-10-29 13:23:44,922 WARN killing 'mysite' (31780) with SIGKILL
2021-10-29 13:23:44,922 WARN killing 'mysite' (31780) with SIGKILL
2021-10-29 13:23:44,922 WARN killing 'mysite' (31780) with SIGKILL
2021-10-29 13:23:44,922 WARN killing 'mysite' (31780) with SIGKILL
2021-10-29 13:23:44,922 WARN killing 'mysite' (31780) with SIGKILL
2021-10-29 13:23:44,922 WARN killing 'mysite' (31780) with SIGKILL
2021-10-29 13:23:44,922 WARN killing 'mysite' (31780) with SIGKILL
2021-10-29 13:23:44,922 WARN killing 'mysite' (31780) with SIGKILL
2021-10-29 13:23:44,923 WARN killing 'mysite' (31780) with SIGKILL
2021-10-29 13:23:44,923 WARN killing 'mysite' (31780) with SIGKILL
2021-10-29 13:23:44,923 WARN killing 'mysite' (31780) with SIGKILL
2021-10-29 13:23:44,923 WARN killing 'mysite' (31780) with SIGKILL
2021-10-29 13:23:44,923 WARN killing 'mysite' (31780) with SIGKILL
2021-10-29 13:23:44,923 WARN killing 'mysite' (31780) with SIGKILL
2021-10-29 13:23:44,923 WARN killing 'mysite' (31780) with SIGKILL
2021-10-29 13:23:44,923 WARN killing 'mysite' (31780) with SIGKILL
2021-10-29 13:23:44,923 WARN killing 'mysite' (31780) with SIGKILL
2021-10-29 13:23:44,923 WARN killing 'mysite' (31780) with SIGKILL
2021-10-29 13:23:44,923 WARN killing 'mysite' (31780) with SIGKILL
2021-10-29 13:23:44,923 WARN killing 'mysite' (31780) with SIGKILL
2021-10-29 13:23:44,923 WARN killing 'mysite' (31780) with SIGKILL
2021-10-29 13:23:44,923 WARN killing 'mysite' (31780) with SIGKILL
2021-10-29 13:23:44,923 WARN killing 'mysite' (31780) with SIGKILL
2021-10-29 13:23:44,923 WARN killing 'mysite' (31780) with SIGKILL
2021-10-29 13:23:44,923 WARN killing 'mysite' (31780) with SIGKILL
2021-10-29 13:23:44,923 WARN killing 'mysite' (31780) with SIGKILL
2021-10-29 13:23:44,923 WARN killing 'mysite' (31780) with SIGKILL
2021-10-29 13:23:44,923 WARN killing 'mysite' (31780) with SIGKILL
2021-10-29 13:23:44,923 WARN killing 'mysite' (31780) with SIGKILL
2021-10-29 13:23:44,923 WARN killing 'mysite' (31780) with SIGKILL
2021-10-29 13:23:44,923 WARN killing 'mysite' (31780) with SIGKILL
2021-10-29 13:23:44,923 WARN killing 'mysite' (31780) with SIGKILL
2021-10-29 13:23:44,923 WARN killing 'mysite' (31780) with SIGKILL
2021-10-29 13:23:44,923 WARN killing 'mysite' (31780) with SIGKILL
2021-10-29 13:23:44,924 WARN killing 'mysite' (31780) with SIGKILL
2021-10-29 13:23:44,924 WARN killing 'mysite' (31780) with SIGKILL
2021-10-29 13:23:44,924 WARN killing 'mysite' (31780) with SIGKILL
2021-10-29 13:23:44,924 WARN killing 'mysite' (31780) with SIGKILL
2021-10-29 13:23:44,924 WARN killing 'mysite' (31780) with SIGKILL
2021-10-29 13:23:44,924 WARN killing 'mysite' (31780) with SIGKILL
2021-10-29 13:23:44,924 WARN killing 'mysite' (31780) with SIGKILL
2021-10-29 13:23:44,924 WARN killing 'mysite' (31780) with SIGKILL
2021-10-29 13:23:44,924 WARN killing 'mysite' (31780) with SIGKILL
2021-10-29 13:23:44,924 WARN killing 'mysite' (31780) with SIGKILL
2021-10-29 13:23:44,924 WARN killing 'mysite' (31780) with SIGKILL
2021-10-29 13:23:44,924 WARN killing 'mysite' (31780) with SIGKILL
2021-10-29 13:23:44,924 WARN killing 'mysite' (31780) with SIGKILL
2021-10-29 13:23:44,924 WARN killing 'mysite' (31780) with SIGKILL
2021-10-29 13:23:44,924 WARN killing 'mysite' (31780) with SIGKILL
2021-10-29 13:23:44,924 WARN killing 'mysite' (31780) with SIGKILL
2021-10-29 13:23:44,924 WARN killing 'mysite' (31780) with SIGKILL
2021-10-29 13:23:44,924 WARN killing 'mysite' (31780) with SIGKILL
2021-10-29 13:23:44,924 WARN killing 'mysite' (31780) with SIGKILL
2021-10-29 13:23:44,924 WARN killing 'mysite' (31780) with SIGKILL
2021-10-29 13:23:44,924 WARN killing 'mysite' (31780) with SIGKILL
2021-10-29 13:23:44,924 WARN killing 'mysite' (31780) with SIGKILL
2021-10-29 13:23:44,924 WARN killing 'mysite' (31780) with SIGKILL
2021-10-29 13:23:44,924 WARN killing 'mysite' (31780) with SIGKILL
2021-10-29 13:23:44,924 WARN killing 'mysite' (31780) with SIGKILL
2021-10-29 13:23:44,924 WARN killing 'mysite' (31780) with SIGKILL
2021-10-29 13:23:44,925 WARN killing 'mysite' (31780) with SIGKILL
2021-10-29 13:23:44,925 WARN killing 'mysite' (31780) with SIGKILL
2021-10-29 13:23:44,925 WARN killing 'mysite' (31780) with SIGKILL
2021-10-29 13:23:44,925 WARN killing 'mysite' (31780) with SIGKILL
2021-10-29 13:23:44,925 WARN killing 'mysite' (31780) with SIGKILL
2021-10-29 13:23:44,925 WARN killing 'mysite' (31780) with SIGKILL
2021-10-29 13:23:44,925 WARN killing 'mysite' (31780) with SIGKILL
2021-10-29 13:23:44,925 WARN killing 'mysite' (31780) with SIGKILL
2021-10-29 13:23:44,925 WARN killing 'mysite' (31780) with SIGKILL
2021-10-29 13:23:44,925 WARN killing 'mysite' (31780) with SIGKILL
2021-10-29 13:23:44,925 WARN killing 'mysite' (31780) with SIGKILL
2021-10-29 13:23:44,925 WARN killing 'mysite' (31780) with SIGKILL
2021-10-29 13:23:44,925 WARN killing 'mysite' (31780) with SIGKILL
2021-10-29 13:23:44,925 WARN killing 'mysite' (31780) with SIGKILL
2021-10-29 13:23:44,925 WARN killing 'mysite' (31780) with SIGKILL
2021-10-29 13:23:44,925 WARN killing 'mysite' (31780) with SIGKILL
2021-10-29 13:23:44,925 WARN killing 'mysite' (31780) with SIGKILL
2021-10-29 13:23:44,925 WARN killing 'mysite' (31780) with SIGKILL
2021-10-29 13:23:44,925 WARN killing 'mysite' (31780) with SIGKILL
2021-10-29 13:23:44,925 WARN killing 'mysite' (31780) with SIGKILL
2021-10-29 13:23:44,926 WARN killing 'mysite' (31780) with SIGKILL
2021-10-29 13:23:44,926 WARN killing 'mysite' (31780) with SIGKILL
2021-10-29 13:23:44,926 WARN killing 'mysite' (31780) with SIGKILL
2021-10-29 13:23:44,926 WARN killing 'mysite' (31780) with SIGKILL
2021-10-29 13:23:44,926 WARN killing 'mysite' (31780) with SIGKILL
2021-10-29 13:23:44,926 WARN killing 'mysite' (31780) with SIGKILL
2021-10-29 13:23:44,926 WARN killing 'mysite' (31780) with SIGKILL
2021-10-29 13:23:44,926 WARN killing 'mysite' (31780) with SIGKILL
2021-10-29 13:23:44,927 WARN killing 'mysite' (31780) with SIGKILL
2021-10-29 13:23:44,927 WARN killing 'mysite' (31780) with SIGKILL
2021-10-29 13:23:44,927 WARN killing 'mysite' (31780) with SIGKILL
2021-10-29 13:23:44,927 WARN killing 'mysite' (31780) with SIGKILL
2021-10-29 13:23:44,927 WARN killing 'mysite' (31780) with SIGKILL
2021-10-29 13:23:44,927 WARN killing 'mysite' (31780) with SIGKILL
2021-10-29 13:23:44,928 WARN killing 'mysite' (31780) with SIGKILL
2021-10-29 13:23:44,928 WARN killing 'mysite' (31780) with SIGKILL
2021-10-29 13:23:44,935 WARN killing 'mysite' (31780) with SIGKILL
2021-10-29 13:23:44,935 WARN killing 'mysite' (31780) with SIGKILL
2021-10-29 13:23:44,935 WARN killing 'mysite' (31780) with SIGKILL
2021-10-29 13:23:44,935 WARN killing 'mysite' (31780) with SIGKILL
2021-10-29 13:23:44,935 WARN killing 'mysite' (31780) with SIGKILL
2021-10-29 13:23:44,935 WARN killing 'mysite' (31780) with SIGKILL
2021-10-29 13:23:44,936 WARN killing 'mysite' (31780) with SIGKILL
2021-10-29 13:23:44,936 WARN killing 'mysite' (31780) with SIGKILL
2021-10-29 13:23:44,936 WARN killing 'mysite' (31780) with SIGKILL
2021-10-29 13:23:44,936 WARN killing 'mysite' (31780) with SIGKILL
2021-10-29 13:23:44,936 WARN killing 'mysite' (31780) with SIGKILL
2021-10-29 13:23:44,936 WARN killing 'mysite' (31780) with SIGKILL
2021-10-29 13:23:44,936 WARN killing 'mysite' (31780) with SIGKILL
2021-10-29 13:23:44,936 WARN killing 'mysite' (31780) with SIGKILL
2021-10-29 13:23:44,936 WARN killing 'mysite' (31780) with SIGKILL
2021-10-29 13:23:44,936 WARN killing 'mysite' (31780) with SIGKILL
2021-10-29 13:23:44,936 WARN killing 'mysite' (31780) with SIGKILL
2021-10-29 13:23:44,936 WARN killing 'mysite' (31780) with SIGKILL
2021-10-29 13:23:44,936 WARN killing 'mysite' (31780) with SIGKILL
2021-10-29 13:23:44,936 WARN killing 'mysite' (31780) with SIGKILL
2021-10-29 13:23:44,936 WARN killing 'mysite' (31780) with SIGKILL
2021-10-29 13:23:44,936 WARN killing 'mysite' (31780) with SIGKILL
2021-10-29 13:23:44,937 WARN killing 'mysite' (31780) with SIGKILL
2021-10-29 13:23:44,937 WARN killing 'mysite' (31780) with SIGKILL
2021-10-29 13:23:44,937 WARN killing 'mysite' (31780) with SIGKILL
2021-10-29 13:23:44,937 WARN killing 'mysite' (31780) with SIGKILL
2021-10-29 13:23:44,937 WARN killing 'mysite' (31780) with SIGKILL
2021-10-29 13:23:44,937 WARN killing 'mysite' (31780) with SIGKILL
2021-10-29 13:23:44,937 WARN killing 'mysite' (31780) with SIGKILL
2021-10-29 13:23:44,937 WARN killing 'mysite' (31780) with SIGKILL
2021-10-29 13:23:44,937 WARN killing 'mysite' (31780) with SIGKILL
2021-10-29 13:23:44,937 WARN killing 'mysite' (31780) with SIGKILL
2021-10-29 13:23:44,937 WARN killing 'mysite' (31780) with SIGKILL
2021-10-29 13:23:44,937 WARN killing 'mysite' (31780) with SIGKILL
2021-10-29 13:23:44,937 WARN killing 'mysite' (31780) with SIGKILL
2021-10-29 13:23:44,937 WARN killing 'mysite' (31780) with SIGKILL
2021-10-29 13:23:44,938 WARN killing 'mysite' (31780) with SIGKILL
2021-10-29 13:23:44,938 WARN killing 'mysite' (31780) with SIGKILL
2021-10-29 13:23:44,938 WARN killing 'mysite' (31780) with SIGKILL
2021-10-29 13:23:44,938 WARN killing 'mysite' (31780) with SIGKILL
2021-10-29 13:23:44,938 WARN killing 'mysite' (31780) with SIGKILL
2021-10-29 13:23:44,938 WARN killing 'mysite' (31780) with SIGKILL
2021-10-29 13:23:44,938 WARN killing 'mysite' (31780) with SIGKILL
2021-10-29 13:23:44,938 WARN killing 'mysite' (31780) with SIGKILL
2021-10-29 13:23:44,938 WARN killing 'mysite' (31780) with SIGKILL
2021-10-29 13:23:44,938 WARN killing 'mysite' (31780) with SIGKILL
2021-10-29 13:23:44,938 WARN killing 'mysite' (31780) with SIGKILL
2021-10-29 13:23:44,938 WARN killing 'mysite' (31780) with SIGKILL
2021-10-29 13:23:44,938 WARN killing 'mysite' (31780) with SIGKILL
2021-10-29 13:23:44,938 WARN killing 'mysite' (31780) with SIGKILL
2021-10-29 13:23:44,938 WARN killing 'mysite' (31780) with SIGKILL
2021-10-29 13:23:44,938 WARN killing 'mysite' (31780) with SIGKILL
2021-10-29 13:23:44,939 WARN killing 'mysite' (31780) with SIGKILL
2021-10-29 13:23:44,939 WARN killing 'mysite' (31780) with SIGKILL
2021-10-29 13:23:44,939 WARN killing 'mysite' (31780) with SIGKILL
2021-10-29 13:23:44,939 WARN killing 'mysite' (31780) with SIGKILL
2021-10-29 13:23:44,939 WARN killing 'mysite' (31780) with SIGKILL
2021-10-29 13:23:44,939 WARN killing 'mysite' (31780) with SIGKILL
2021-10-29 13:23:44,939 WARN killing 'mysite' (31780) with SIGKILL
2021-10-29 13:23:44,939 WARN killing 'mysite' (31780) with SIGKILL
2021-10-29 13:23:44,939 WARN killing 'mysite' (31780) with SIGKILL
2021-10-29 13:23:44,939 WARN killing 'mysite' (31780) with SIGKILL
2021-10-29 13:23:44,939 WARN killing 'mysite' (31780) with SIGKILL
2021-10-29 13:23:44,939 WARN killing 'mysite' (31780) with SIGKILL
2021-10-29 13:23:44,939 WARN killing 'mysite' (31780) with SIGKILL
2021-10-29 13:23:44,939 WARN killing 'mysite' (31780) with SIGKILL
2021-10-29 13:23:44,939 WARN killing 'mysite' (31780) with SIGKILL
2021-10-29 13:23:44,939 WARN killing 'mysite' (31780) with SIGKILL
2021-10-29 13:23:44,940 WARN killing 'mysite' (31780) with SIGKILL
2021-10-29 13:23:44,940 WARN killing 'mysite' (31780) with SIGKILL
2021-10-29 13:23:44,940 WARN killing 'mysite' (31780) with SIGKILL
2021-10-29 13:23:44,940 WARN killing 'mysite' (31780) with SIGKILL
2021-10-29 13:23:44,940 WARN killing 'mysite' (31780) with SIGKILL
2021-10-29 13:23:44,940 WARN killing 'mysite' (31780) with SIGKILL
2021-10-29 13:23:44,940 WARN killing 'mysite' (31780) with SIGKILL
2021-10-29 13:23:44,940 WARN killing 'mysite' (31780) with SIGKILL
2021-10-29 13:23:44,940 WARN killing 'mysite' (31780) with SIGKILL
2021-10-29 13:23:44,940 WARN killing 'mysite' (31780) with SIGKILL
2021-10-29 13:23:44,940 WARN killing 'mysite' (31780) with SIGKILL
2021-10-29 13:23:44,940 WARN killing 'mysite' (31780) with SIGKILL
2021-10-29 13:23:44,940 WARN killing 'mysite' (31780) with SIGKILL
2021-10-29 13:23:44,940 WARN killing 'mysite' (31780) with SIGKILL
2021-10-29 13:23:44,940 WARN killing 'mysite' (31780) with SIGKILL
2021-10-29 13:23:44,940 WARN killing 'mysite' (31780) with SIGKILL
2021-10-29 13:23:44,940 WARN killing 'mysite' (31780) with SIGKILL
2021-10-29 13:23:44,940 WARN killing 'mysite' (31780) with SIGKILL
2021-10-29 13:23:44,941 WARN killing 'mysite' (31780) with SIGKILL
2021-10-29 13:23:44,941 WARN killing 'mysite' (31780) with SIGKILL
2021-10-29 13:23:44,941 WARN killing 'mysite' (31780) with SIGKILL
2021-10-29 13:23:44,941 WARN killing 'mysite' (31780) with SIGKILL
2021-10-29 13:23:44,941 WARN killing 'mysite' (31780) with SIGKILL
2021-10-29 13:23:44,941 WARN killing 'mysite' (31780) with SIGKILL
2021-10-29 13:23:44,941 WARN killing 'mysite' (31780) with SIGKILL
2021-10-29 13:23:44,941 WARN killing 'mysite' (31780) with SIGKILL
2021-10-29 13:23:44,941 WARN killing 'mysite' (31780) with SIGKILL
2021-10-29 13:23:44,941 WARN killing 'mysite' (31780) with SIGKILL
2021-10-29 13:23:44,941 WARN killing 'mysite' (31780) with SIGKILL
2021-10-29 13:23:44,941 WARN killing 'mysite' (31780) with SIGKILL
2021-10-29 13:23:44,941 WARN killing 'mysite' (31780) with SIGKILL
2021-10-29 13:23:44,941 WARN killing 'mysite' (31780) with SIGKILL
2021-10-29 13:23:44,941 WARN killing 'mysite' (31780) with SIGKILL
2021-10-29 13:23:44,941 WARN killing 'mysite' (31780) with SIGKILL
2021-10-29 13:23:44,941 WARN killing 'mysite' (31780) with SIGKILL
2021-10-29 13:23:44,941 WARN killing 'mysite' (31780) with SIGKILL
2021-10-29 13:23:44,941 WARN killing 'mysite' (31780) with SIGKILL
2021-10-29 13:23:44,942 WARN killing 'mysite' (31780) with SIGKILL
2021-10-29 13:23:44,942 WARN killing 'mysite' (31780) with SIGKILL
2021-10-29 13:23:44,942 WARN killing 'mysite' (31780) with SIGKILL
2021-10-29 13:23:44,942 WARN killing 'mysite' (31780) with SIGKILL
2021-10-29 13:23:44,942 WARN killing 'mysite' (31780) with SIGKILL
2021-10-29 13:23:44,942 WARN killing 'mysite' (31780) with SIGKILL
2021-10-29 13:23:44,942 WARN killing 'mysite' (31780) with SIGKILL
2021-10-29 13:23:44,942 WARN killing 'mysite' (31780) with SIGKILL
2021-10-29 13:23:44,942 WARN killing 'mysite' (31780) with SIGKILL
2021-10-29 13:23:44,942 WARN killing 'mysite' (31780) with SIGKILL
2021-10-29 13:23:44,942 WARN killing 'mysite' (31780) with SIGKILL
2021-10-29 13:23:44,942 WARN killing 'mysite' (31780) with SIGKILL
2021-10-29 13:23:44,942 WARN killing 'mysite' (31780) with SIGKILL
2021-10-29 13:23:44,942 WARN killing 'mysite' (31780) with SIGKILL
2021-10-29 13:23:44,942 WARN killing 'mysite' (31780) with SIGKILL
2021-10-29 13:23:44,942 WARN killing 'mysite' (31780) with SIGKILL
2021-10-29 13:23:44,942 WARN killing 'mysite' (31780) with SIGKILL
2021-10-29 13:23:44,942 WARN killing 'mysite' (31780) with SIGKILL
2021-10-29 13:23:44,943 WARN killing 'mysite' (31780) with SIGKILL
2021-10-29 13:23:44,943 WARN killing 'mysite' (31780) with SIGKILL
2021-10-29 13:23:44,943 WARN killing 'mysite' (31780) with SIGKILL
2021-10-29 13:23:44,943 WARN killing 'mysite' (31780) with SIGKILL
2021-10-29 13:23:44,943 WARN killing 'mysite' (31780) with SIGKILL
2021-10-29 13:23:44,943 WARN killing 'mysite' (31780) with SIGKILL
2021-10-29 13:23:44,943 WARN killing 'mysite' (31780) with SIGKILL
2021-10-29 13:23:44,943 WARN killing 'mysite' (31780) with SIGKILL
2021-10-29 13:23:44,943 WARN killing 'mysite' (31780) with SIGKILL
2021-10-29 13:23:44,943 WARN killing 'mysite' (31780) with SIGKILL
2021-10-29 13:23:44,943 WARN killing 'mysite' (31780) with SIGKILL
2021-10-29 13:23:44,943 WARN killing 'mysite' (31780) with SIGKILL
2021-10-29 13:23:44,943 WARN killing 'mysite' (31780) with SIGKILL
2021-10-29 13:23:44,943 WARN killing 'mysite' (31780) with SIGKILL
2021-10-29 13:23:44,943 WARN killing 'mysite' (31780) with SIGKILL
2021-10-29 13:23:44,943 WARN killing 'mysite' (31780) with SIGKILL
2021-10-29 13:23:44,943 WARN killing 'mysite' (31780) with SIGKILL
2021-10-29 13:23:44,943 WARN killing 'mysite' (31780) with SIGKILL
2021-10-29 13:23:44,943 WARN killing 'mysite' (31780) with SIGKILL
2021-10-29 13:23:44,943 WARN killing 'mysite' (31780) with SIGKILL
2021-10-29 13:23:44,944 WARN killing 'mysite' (31780) with SIGKILL
2021-10-29 13:23:44,944 WARN killing 'mysite' (31780) with SIGKILL
2021-10-29 13:23:44,944 WARN killing 'mysite' (31780) with SIGKILL
2021-10-29 13:23:44,944 WARN killing 'mysite' (31780) with SIGKILL
2021-10-29 13:23:44,944 WARN killing 'mysite' (31780) with SIGKILL
2021-10-29 13:23:44,944 WARN killing 'mysite' (31780) with SIGKILL
2021-10-29 13:23:44,944 WARN killing 'mysite' (31780) with SIGKILL
2021-10-29 13:23:44,944 WARN killing 'mysite' (31780) with SIGKILL
2021-10-29 13:23:44,944 WARN killing 'mysite' (31780) with SIGKILL
2021-10-29 13:23:44,952 WARN killing 'mysite' (31780) with SIGKILL
2021-10-29 13:23:44,952 WARN killing 'mysite' (31780) with SIGKILL
2021-10-29 13:23:44,953 WARN killing 'mysite' (31780) with SIGKILL
2021-10-29 13:23:44,953 WARN killing 'mysite' (31780) with SIGKILL
2021-10-29 13:23:44,953 WARN killing 'mysite' (31780) with SIGKILL
2021-10-29 13:23:44,953 WARN killing 'mysite' (31780) with SIGKILL
2021-10-29 13:23:44,953 WARN killing 'mysite' (31780) with SIGKILL
2021-10-29 13:23:44,953 WARN killing 'mysite' (31780) with SIGKILL
2021-10-29 13:23:44,953 WARN killing 'mysite' (31780) with SIGKILL
2021-10-29 13:23:44,953 WARN killing 'mysite' (31780) with SIGKILL
2021-10-29 13:23:44,953 WARN killing 'mysite' (31780) with SIGKILL
2021-10-29 13:23:44,953 WARN killing 'mysite' (31780) with SIGKILL
2021-10-29 13:23:44,953 WARN killing 'mysite' (31780) with SIGKILL
2021-10-29 13:23:44,953 WARN killing 'mysite' (31780) with SIGKILL
2021-10-29 13:23:44,953 WARN killing 'mysite' (31780) with SIGKILL
2021-10-29 13:23:44,954 WARN killing 'mysite' (31780) with SIGKILL
2021-10-29 13:23:44,954 WARN killing 'mysite' (31780) with SIGKILL
2021-10-29 13:23:44,954 WARN killing 'mysite' (31780) with SIGKILL
2021-10-29 13:23:44,954 WARN killing 'mysite' (31780) with SIGKILL
2021-10-29 13:23:44,954 WARN killing 'mysite' (31780) with SIGKILL
2021-10-29 13:23:44,954 WARN killing 'mysite' (31780) with SIGKILL
2021-10-29 13:23:44,954 WARN killing 'mysite' (31780) with SIGKILL
2021-10-29 13:23:44,954 WARN killing 'mysite' (31780) with SIGKILL
2021-10-29 13:23:44,954 WARN killing 'mysite' (31780) with SIGKILL
2021-10-29 13:23:44,954 WARN killing 'mysite' (31780) with SIGKILL
2021-10-29 13:23:44,954 WARN killing 'mysite' (31780) with SIGKILL
2021-10-29 13:23:44,954 WARN killing 'mysite' (31780) with SIGKILL
2021-10-29 13:23:44,954 WARN killing 'mysite' (31780) with SIGKILL
2021-10-29 13:23:44,954 WARN killing 'mysite' (31780) with SIGKILL
2021-10-29 13:23:44,955 WARN killing 'mysite' (31780) with SIGKILL
2021-10-29 13:23:44,955 WARN killing 'mysite' (31780) with SIGKILL
2021-10-29 13:23:44,955 WARN killing 'mysite' (31780) with SIGKILL
2021-10-29 13:23:44,955 WARN killing 'mysite' (31780) with SIGKILL
2021-10-29 13:23:44,955 WARN killing 'mysite' (31780) with SIGKILL
2021-10-29 13:23:44,955 WARN killing 'mysite' (31780) with SIGKILL
2021-10-29 13:23:44,955 WARN killing 'mysite' (31780) with SIGKILL
2021-10-29 13:23:44,955 WARN killing 'mysite' (31780) with SIGKILL
2021-10-29 13:23:44,955 WARN killing 'mysite' (31780) with SIGKILL
2021-10-29 13:23:44,955 WARN killing 'mysite' (31780) with SIGKILL
2021-10-29 13:23:44,955 WARN killing 'mysite' (31780) with SIGKILL
2021-10-29 13:23:44,955 WARN killing 'mysite' (31780) with SIGKILL
2021-10-29 13:23:44,955 WARN killing 'mysite' (31780) with SIGKILL
2021-10-29 13:23:44,955 WARN killing 'mysite' (31780) with SIGKILL
2021-10-29 13:23:44,956 WARN killing 'mysite' (31780) with SIGKILL
2021-10-29 13:23:44,956 WARN killing 'mysite' (31780) with SIGKILL
2021-10-29 13:23:44,956 WARN killing 'mysite' (31780) with SIGKILL
2021-10-29 13:23:44,956 WARN killing 'mysite' (31780) with SIGKILL
2021-10-29 13:23:44,956 WARN killing 'mysite' (31780) with SIGKILL
2021-10-29 13:23:44,956 WARN killing 'mysite' (31780) with SIGKILL
2021-10-29 13:23:44,956 WARN killing 'mysite' (31780) with SIGKILL
2021-10-29 13:23:44,956 WARN killing 'mysite' (31780) with SIGKILL
2021-10-29 13:23:44,964 WARN killing 'mysite' (31780) with SIGKILL
2021-10-29 13:23:44,964 INFO stopped: mysite (terminated by SIGKILL)
2021-10-29 13:27:10,962 INFO spawned: 'mysite' with pid 31832
2021-10-29 13:27:10,962 INFO success: mysite entered RUNNING state, process has stayed up for > than 0 seconds (startsecs)
2021-10-29 13:34:20,424 INFO waiting for mysite to stop
2021-10-29 13:34:20,424 WARN killing 'mysite' (31832) with SIGKILL
2021-10-29 13:34:20,426 INFO stopped: mysite (terminated by SIGKILL)
2021-10-29 13:34:48,659 INFO spawned: 'mysite' with pid 31876
2021-10-29 13:34:48,660 INFO success: mysite entered RUNNING state, process has stayed up for > than 0 seconds (startsecs)
